<?xml version="1.0" encoding="UTF-8"?>
<robot generator="Robot 3.2.1 (Python 3.6.9 on linux)" generated="20200526 12:21:57.333" rpa="false">
<suite id="s1" name="004-Noticies" source="/home/admin/pa_amb_olis/api/tests/noticies/004-Noticies.robot">
<test id="s1-t1" name="Noticies">
<kw name="Quan entro a la pàgina principal">
<kw name="Open Browser" library="Selenium2Library">
<doc>Opens a new browser instance to the optional ``url``.</doc>
<arguments>
<arg>${BROWSER_URL}</arg>
</arguments>
<msg timestamp="20200526 12:21:57.989" level="INFO">Opening browser 'firefox' to base url 'http://127.0.0.1:8000'.</msg>
<msg timestamp="20200526 12:21:57.994" level="INFO">Firefox driver log is always forced to to: /home/admin/pa_amb_olis/api/tests/noticies/geckodriver-2.log</msg>
<status status="PASS" starttime="20200526 12:21:57.988" endtime="20200526 12:22:11.373"></status>
</kw>
<kw name="Maximize Browser Window" library="Selenium2Library">
<doc>Maximizes current browser window.</doc>
<status status="PASS" starttime="20200526 12:22:11.374" endtime="20200526 12:22:12.367"></status>
</kw>
<status status="PASS" starttime="20200526 12:21:57.987" endtime="20200526 12:22:12.368"></status>
</kw>
<kw name="I clico l'apartat Noticies">
<kw name="Wait Until Element Is Visible" library="Selenium2Library">
<doc>Waits until the element ``locator`` is visible.</doc>
<arguments>
<arg>//*[@id="noticies-link"]</arg>
</arguments>
<status status="PASS" starttime="20200526 12:22:12.370" endtime="20200526 12:22:13.084"></status>
</kw>
<kw name="Click Link" library="Selenium2Library">
<doc>Clicks a link identified by ``locator``.</doc>
<arguments>
<arg>//*[@id="noticies-link"]</arg>
</arguments>
<msg timestamp="20200526 12:22:13.085" level="INFO">Clicking link '//*[@id="noticies-link"]'.</msg>
<status status="PASS" starttime="20200526 12:22:13.085" endtime="20200526 12:22:16.049"></status>
</kw>
<status status="PASS" starttime="20200526 12:22:12.369" endtime="20200526 12:22:16.053"></status>
</kw>
<kw name="Llavors puc veure tots els elements de forma correcta">
<kw name="Wait Until Element Contains" library="Selenium2Library">
<doc>Waits until the element ``locator`` contains ``text``.</doc>
<arguments>
<arg>xpath:/html/body/div[1]/div/div/div/h1</arg>
<arg>Notícies</arg>
</arguments>
<status status="PASS" starttime="20200526 12:22:16.055" endtime="20200526 12:22:16.187"></status>
</kw>
<status status="PASS" starttime="20200526 12:22:16.054" endtime="20200526 12:22:16.187"></status>
</kw>
<kw name="Tanca Test" library="common" type="teardown">
<kw name="Sleep" library="BuiltIn">
<doc>Pauses the test executed for the given time.</doc>
<arguments>
<arg>2s</arg>
</arguments>
<msg timestamp="20200526 12:22:18.191" level="INFO">Slept 2 seconds</msg>
<status status="PASS" starttime="20200526 12:22:16.189" endtime="20200526 12:22:18.192"></status>
</kw>
<kw name="Close Browser" library="Selenium2Library">
<doc>Closes the current browser.</doc>
<status status="PASS" starttime="20200526 12:22:18.193" endtime="20200526 12:22:27.290"></status>
</kw>
<status status="PASS" starttime="20200526 12:22:16.188" endtime="20200526 12:22:27.292"></status>
</kw>
<status status="PASS" starttime="20200526 12:21:57.985" endtime="20200526 12:22:27.292" critical="yes"></status>
</test>
<doc>Escenaris</doc>
<status status="PASS" starttime="20200526 12:21:57.335" endtime="20200526 12:22:27.294"></status>
</suite>
<statistics>
<total>
<stat pass="1" fail="0">Critical Tests</stat>
<stat pass="1" fail="0">All Tests</stat>
</total>
<tag>
</tag>
<suite>
<stat pass="1" fail="0" id="s1" name="004-Noticies">004-Noticies</stat>
</suite>
</statistics>
<errors>
</errors>
</robot>
