<?xml version="1.0" encoding="UTF-8"?>
<robot generator="Robot 3.2.1 (Python 3.6.9 on linux)" generated="20200609 18:28:17.366" rpa="false">
<suite id="s1" name="001-Esdeveniments" source="/home/admin/pa_amb_olis/api/tests/esdeveniments/001-Esdeveniments.robot">
<test id="s1-t1" name="Informació d'un esdeveniment">
<kw name="Quan entro a la secció d'esdeveniments">
<kw name="Open Browser" library="Selenium2Library">
<doc>Opens a new browser instance to the optional ``url``.</doc>
<arguments>
<arg>${BROWSER_URL}/esdeveniments/</arg>
</arguments>
<msg timestamp="20200609 18:28:17.748" level="INFO">Opening browser 'firefox' to base url 'http://127.0.0.1:8000/esdeveniments/'.</msg>
<msg timestamp="20200609 18:28:17.752" level="INFO">Firefox driver log is always forced to to: /home/admin/pa_amb_olis/api/tests/esdeveniments/geckodriver-1.log</msg>
<status status="PASS" starttime="20200609 18:28:17.748" endtime="20200609 18:28:26.651"></status>
</kw>
<kw name="Maximize Browser Window" library="Selenium2Library">
<doc>Maximizes current browser window.</doc>
<status status="PASS" starttime="20200609 18:28:26.652" endtime="20200609 18:28:26.944"></status>
</kw>
<status status="PASS" starttime="20200609 18:28:17.747" endtime="20200609 18:28:26.945"></status>
</kw>
<kw name="Clico a un esdeveniment existent">
<kw name="Wait Until Element Is Visible" library="Selenium2Library">
<doc>Waits until the element ``locator`` is visible.</doc>
<arguments>
<arg>css:td.fc-event-container:nth-child(3)</arg>
</arguments>
<status status="PASS" starttime="20200609 18:28:26.954" endtime="20200609 18:28:27.281"></status>
</kw>
<kw name="Click Element" library="Selenium2Library">
<doc>Click the element identified by ``locator``.</doc>
<arguments>
<arg>css:td.fc-event-container:nth-child(3)</arg>
</arguments>
<msg timestamp="20200609 18:28:27.282" level="INFO">Clicking element 'css:td.fc-event-container:nth-child(3)'.</msg>
<status status="PASS" starttime="20200609 18:28:27.282" endtime="20200609 18:28:28.745"></status>
</kw>
<status status="PASS" starttime="20200609 18:28:26.954" endtime="20200609 18:28:28.745"></status>
</kw>
<kw name="Llavors puc veure la informació sobre aquest esdeveniment">
<kw name="Wait Until Element Contains" library="Selenium2Library">
<doc>Waits until the element ``locator`` contains ``text``.</doc>
<arguments>
<arg>//*[@id="esdeveniment-seleccionat"]</arg>
<arg>Esdeveniment</arg>
</arguments>
<status status="PASS" starttime="20200609 18:28:28.746" endtime="20200609 18:28:28.947"></status>
</kw>
<status status="PASS" starttime="20200609 18:28:28.746" endtime="20200609 18:28:28.947"></status>
</kw>
<kw name="Tanca Test" library="common" type="teardown">
<kw name="Sleep" library="BuiltIn">
<doc>Pauses the test executed for the given time.</doc>
<arguments>
<arg>2s</arg>
</arguments>
<msg timestamp="20200609 18:28:30.965" level="INFO">Slept 2 seconds</msg>
<status status="PASS" starttime="20200609 18:28:28.964" endtime="20200609 18:28:30.965"></status>
</kw>
<kw name="Close Browser" library="Selenium2Library">
<doc>Closes the current browser.</doc>
<status status="PASS" starttime="20200609 18:28:30.966" endtime="20200609 18:28:37.575"></status>
</kw>
<status status="PASS" starttime="20200609 18:28:28.964" endtime="20200609 18:28:37.576"></status>
</kw>
<status status="PASS" starttime="20200609 18:28:17.735" endtime="20200609 18:28:37.577" critical="yes"></status>
</test>
<doc>Escenaris</doc>
<status status="PASS" starttime="20200609 18:28:17.367" endtime="20200609 18:28:37.583"></status>
</suite>
<statistics>
<total>
<stat pass="1" fail="0">Critical Tests</stat>
<stat pass="1" fail="0">All Tests</stat>
</total>
<tag>
</tag>
<suite>
<stat pass="1" fail="0" id="s1" name="001-Esdeveniments">001-Esdeveniments</stat>
</suite>
</statistics>
<errors>
</errors>
</robot>
