<?xml version="1.0" encoding="UTF-8"?>
<robot generator="Robot 3.2.1 (Python 3.6.9 on linux)" generated="20200525 17:52:39.861" rpa="false">
<suite id="s1" name="001-Registre" source="/home/admin/pa_amb_olis/api/tests/registre/001-Registre.robot">
<test id="s1-t1" name="Error d'alta d'un usuari">
<kw name="Quan entro a la secció de registre">
<kw name="Open Browser" library="Selenium2Library">
<doc>Opens a new browser instance to the optional ``url``.</doc>
<arguments>
<arg>${BROWSER_URL}/registre/</arg>
</arguments>
<msg timestamp="20200525 17:52:40.276" level="INFO">Opening browser 'firefox' to base url 'http://127.0.0.1:8000/registre/'.</msg>
<msg timestamp="20200525 17:52:40.277" level="INFO">Firefox driver log is always forced to to: /home/admin/pa_amb_olis/api/tests/registre/geckodriver-17.log</msg>
<status status="PASS" starttime="20200525 17:52:40.276" endtime="20200525 17:52:52.439"></status>
</kw>
<kw name="Maximize Browser Window" library="Selenium2Library">
<doc>Maximizes current browser window.</doc>
<status status="PASS" starttime="20200525 17:52:52.441" endtime="20200525 17:52:53.150"></status>
</kw>
<status status="PASS" starttime="20200525 17:52:40.275" endtime="20200525 17:52:53.151"></status>
</kw>
<kw name="Em deixo l'email sense omplir">
<kw name="Click Element" library="Selenium2Library">
<doc>Click the element identified by ``locator``.</doc>
<arguments>
<arg>//*[@id="nomillinatges"]</arg>
</arguments>
<msg timestamp="20200525 17:52:53.173" level="INFO">Clicking element '//*[@id="nomillinatges"]'.</msg>
<status status="PASS" starttime="20200525 17:52:53.155" endtime="20200525 17:52:54.142"></status>
</kw>
<kw name="Input Text" library="Selenium2Library">
<doc>Types the given ``text`` into the text field identified by ``locator``.</doc>
<arguments>
<arg>//*[@id="nomillinatges"]</arg>
<arg>${PERSONALDATA}[0]</arg>
</arguments>
<msg timestamp="20200525 17:52:54.143" level="INFO">Typing text 'Nom Llinatge Llinatge' into text field '//*[@id="nomillinatges"]'.</msg>
<status status="PASS" starttime="20200525 17:52:54.142" endtime="20200525 17:52:54.652"></status>
</kw>
<kw name="Click Element" library="Selenium2Library">
<doc>Click the element identified by ``locator``.</doc>
<arguments>
<arg>//*[@id="datanaixement"]</arg>
</arguments>
<msg timestamp="20200525 17:52:54.653" level="INFO">Clicking element '//*[@id="datanaixement"]'.</msg>
<status status="PASS" starttime="20200525 17:52:54.652" endtime="20200525 17:52:55.177"></status>
</kw>
<kw name="Input Text" library="Selenium2Library">
<doc>Types the given ``text`` into the text field identified by ``locator``.</doc>
<arguments>
<arg>//*[@id="datanaixement"]</arg>
<arg>${PERSONALDATA}[1]</arg>
</arguments>
<msg timestamp="20200525 17:52:55.178" level="INFO">Typing text '30/11/2000' into text field '//*[@id="datanaixement"]'.</msg>
<status status="PASS" starttime="20200525 17:52:55.178" endtime="20200525 17:52:55.366"></status>
</kw>
<kw name="Click Element" library="Selenium2Library">
<doc>Click the element identified by ``locator``.</doc>
<arguments>
<arg>//*[@id="direccio"]</arg>
</arguments>
<msg timestamp="20200525 17:52:55.367" level="INFO">Clicking element '//*[@id="direccio"]'.</msg>
<status status="PASS" starttime="20200525 17:52:55.367" endtime="20200525 17:52:55.726"></status>
</kw>
<kw name="Input Text" library="Selenium2Library">
<doc>Types the given ``text`` into the text field identified by ``locator``.</doc>
<arguments>
<arg>//*[@id="direccio"]</arg>
<arg>${PERSONALDATA}[2]</arg>
</arguments>
<msg timestamp="20200525 17:52:55.727" level="INFO">Typing text 'S'Esgleieta, 12, Palma' into text field '//*[@id="direccio"]'.</msg>
<status status="PASS" starttime="20200525 17:52:55.727" endtime="20200525 17:52:56.031"></status>
</kw>
<kw name="Click Element" library="Selenium2Library">
<doc>Click the element identified by ``locator``.</doc>
<arguments>
<arg>//*[@id="password"]</arg>
</arguments>
<msg timestamp="20200525 17:52:56.034" level="INFO">Clicking element '//*[@id="password"]'.</msg>
<status status="PASS" starttime="20200525 17:52:56.033" endtime="20200525 17:52:56.356"></status>
</kw>
<kw name="Input Text" library="Selenium2Library">
<doc>Types the given ``text`` into the text field identified by ``locator``.</doc>
<arguments>
<arg>//*[@id="password"]</arg>
<arg>${PERSONALDATA}[3]</arg>
</arguments>
<msg timestamp="20200525 17:52:56.359" level="INFO">Typing text 'exemplecontrasenya' into text field '//*[@id="password"]'.</msg>
<status status="PASS" starttime="20200525 17:52:56.356" endtime="20200525 17:52:56.494"></status>
</kw>
<kw name="Click Element" library="Selenium2Library">
<doc>Click the element identified by ``locator``.</doc>
<arguments>
<arg>//*[@id="rpassword"]</arg>
</arguments>
<msg timestamp="20200525 17:52:56.495" level="INFO">Clicking element '//*[@id="rpassword"]'.</msg>
<status status="PASS" starttime="20200525 17:52:56.494" endtime="20200525 17:52:56.773"></status>
</kw>
<kw name="Input Text" library="Selenium2Library">
<doc>Types the given ``text`` into the text field identified by ``locator``.</doc>
<arguments>
<arg>//*[@id="rpassword"]</arg>
<arg>${PERSONALDATA}[3]</arg>
</arguments>
<msg timestamp="20200525 17:52:56.774" level="INFO">Typing text 'exemplecontrasenya' into text field '//*[@id="rpassword"]'.</msg>
<status status="PASS" starttime="20200525 17:52:56.773" endtime="20200525 17:52:56.881"></status>
</kw>
<kw name="Click Element" library="Selenium2Library">
<doc>Click the element identified by ``locator``.</doc>
<arguments>
<arg>//*[@id="telefon"]</arg>
</arguments>
<msg timestamp="20200525 17:52:56.883" level="INFO">Clicking element '//*[@id="telefon"]'.</msg>
<status status="PASS" starttime="20200525 17:52:56.882" endtime="20200525 17:52:57.167"></status>
</kw>
<kw name="Input Text" library="Selenium2Library">
<doc>Types the given ``text`` into the text field identified by ``locator``.</doc>
<arguments>
<arg>//*[@id="telefon"]</arg>
<arg>${PERSONALDATA}[5]</arg>
</arguments>
<msg timestamp="20200525 17:52:57.168" level="INFO">Typing text '971234567' into text field '//*[@id="telefon"]'.</msg>
<status status="PASS" starttime="20200525 17:52:57.167" endtime="20200525 17:52:57.348"></status>
</kw>
<status status="PASS" starttime="20200525 17:52:53.154" endtime="20200525 17:52:57.350"></status>
</kw>
<kw name="Clico al botó de Registrar-se">
<kw name="Click Element" library="Selenium2Library">
<doc>Click the element identified by ``locator``.</doc>
<arguments>
<arg>//*[@id="registre"]</arg>
</arguments>
<msg timestamp="20200525 17:52:57.353" level="INFO">Clicking element '//*[@id="registre"]'.</msg>
<status status="PASS" starttime="20200525 17:52:57.352" endtime="20200525 17:52:58.156"></status>
</kw>
<kw name="Press Keys" library="Selenium2Library">
<doc>Simulates the user pressing key(s) to an element or on the active browser.</doc>
<arguments>
<arg>//*[@id="registre"]</arg>
<arg>ENTER</arg>
</arguments>
<msg timestamp="20200525 17:52:58.157" level="INFO">Sending key(s) ('ENTER',) to //*[@id="registre"] element.</msg>
<msg timestamp="20200525 17:52:58.725" level="INFO">Pressing special key ENTER to element.</msg>
<msg timestamp="20200525 17:52:58.725" level="INFO">Releasing special key ENTER.</msg>
<status status="PASS" starttime="20200525 17:52:58.156" endtime="20200525 17:52:58.868"></status>
</kw>
<status status="PASS" starttime="20200525 17:52:57.351" endtime="20200525 17:52:58.869"></status>
</kw>
<kw name="El sistema m'indica que manca informació per completar">
<kw name="Element Should Not Be Visible" library="Selenium2Library">
<doc>Verifies that the element identified by ``locator`` is NOT visible.</doc>
<arguments>
<arg>//*[@id="usuaricreat"]</arg>
</arguments>
<msg timestamp="20200525 17:52:58.989" level="INFO">Element '//*[@id="usuaricreat"]' exists but is not displayed.</msg>
<status status="PASS" starttime="20200525 17:52:58.873" endtime="20200525 17:52:58.990"></status>
</kw>
<status status="PASS" starttime="20200525 17:52:58.871" endtime="20200525 17:52:58.991"></status>
</kw>
<kw name="Llavors no s'ha pogut generar un nou usuari">
<kw name="Wait Until Page Contains Element" library="Selenium2Library">
<doc>Waits until the element ``locator`` appears on the current page.</doc>
<arguments>
<arg>//*[@id="errorusuaricreat"]</arg>
</arguments>
<status status="PASS" starttime="20200525 17:52:58.993" endtime="20200525 17:52:59.025"></status>
</kw>
<status status="PASS" starttime="20200525 17:52:58.992" endtime="20200525 17:52:59.026"></status>
</kw>
<status status="PASS" starttime="20200525 17:52:40.272" endtime="20200525 17:52:59.027" critical="yes"></status>
</test>
<doc>Escenaris</doc>
<status status="PASS" starttime="20200525 17:52:39.864" endtime="20200525 17:52:59.035"></status>
</suite>
<statistics>
<total>
<stat pass="1" fail="0">Critical Tests</stat>
<stat pass="1" fail="0">All Tests</stat>
</total>
<tag>
</tag>
<suite>
<stat pass="1" fail="0" id="s1" name="001-Registre">001-Registre</stat>
</suite>
</statistics>
<errors>
</errors>
</robot>
