<?xml version="1.0" encoding="UTF-8"?>
<robot generator="Robot 3.2.1 (Python 3.6.9 on linux)" generated="20200526 11:53:02.247" rpa="false">
<suite id="s1" name="003-QuiSom" source="/home/admin/pa_amb_olis/api/tests/quiSom/003-QuiSom.robot">
<test id="s1-t1" name="Qui Som">
<kw name="Quan entro a la pàgina principal">
<kw name="Open Browser" library="Selenium2Library">
<doc>Opens a new browser instance to the optional ``url``.</doc>
<arguments>
<arg>${BROWSER_URL}</arg>
</arguments>
<msg timestamp="20200526 11:53:02.604" level="INFO">Opening browser 'firefox' to base url 'http://127.0.0.1:8000'.</msg>
<msg timestamp="20200526 11:53:02.608" level="INFO">Firefox driver log is always forced to to: /home/admin/pa_amb_olis/api/tests/quiSom/003-QuiSom/geckodriver-1.log</msg>
<kw name="Capture Page Screenshot" library="Selenium2Library">
<doc>Takes a screenshot of the current page and embeds it into a log file.</doc>
<status status="FAIL" starttime="20200526 11:53:03.924" endtime="20200526 11:53:03.925"></status>
</kw>
<msg timestamp="20200526 11:53:03.925" level="WARN">Keyword 'Capture Page Screenshot' could not be run on failure: Execution terminated by signal</msg>
<status status="FAIL" starttime="20200526 11:53:02.604" endtime="20200526 11:53:03.925"></status>
</kw>
<status status="FAIL" starttime="20200526 11:53:02.603" endtime="20200526 11:53:03.926"></status>
</kw>
<kw name="Tanca Test" library="common" type="teardown">
<kw name="Sleep" library="BuiltIn">
<doc>Pauses the test executed for the given time.</doc>
<arguments>
<arg>2s</arg>
</arguments>
<errors>
<msg timestamp="20200526 11:53:03.925" level="WARN">Keyword 'Capture Page Screenshot' could not be run on failure: Execution terminated by signal</msg>
<msg timestamp="20200526 11:53:04.971" level="ERROR">Execution stopped by user.</msg>
</errors>
</robot>
