<?xml version="1.0" encoding="UTF-8"?>
<robot generator="Robot 3.2.1 (Python 3.6.9 on linux)" generated="20200526 16:21:38.297" rpa="false">
<suite id="s1" name="005-Restaurants" source="/home/admin/pa_amb_olis/api/tests/restaurants/005-Restaurants.robot">
<test id="s1-t1" name="Noticies">
<kw name="Quan entro a la pàgina principal">
<kw name="Open Browser" library="Selenium2Library">
<doc>Opens a new browser instance to the optional ``url``.</doc>
<arguments>
<arg>${BROWSER_URL}</arg>
</arguments>
<msg timestamp="20200526 16:21:38.648" level="INFO">Opening browser 'firefox' to base url 'http://127.0.0.1:8000'.</msg>
<msg timestamp="20200526 16:21:38.652" level="INFO">Firefox driver log is always forced to to: /home/admin/pa_amb_olis/api/tests/restaurants/geckodriver-25.log</msg>
<status status="PASS" starttime="20200526 16:21:38.648" endtime="20200526 16:21:46.191"></status>
</kw>
<kw name="Maximize Browser Window" library="Selenium2Library">
<doc>Maximizes current browser window.</doc>
<status status="PASS" starttime="20200526 16:21:46.191" endtime="20200526 16:21:46.688"></status>
</kw>
<status status="PASS" starttime="20200526 16:21:38.647" endtime="20200526 16:21:46.688"></status>
</kw>
<kw name="I Clico a un punt del canvas">
<kw name="Wait Until Element Is Visible" library="Selenium2Library">
<doc>Waits until the element ``locator`` is visible.</doc>
<arguments>
<arg>//*[@id="mapaRestaurants"]</arg>
</arguments>
<status status="PASS" starttime="20200526 16:21:46.689" endtime="20200526 16:21:46.842"></status>
</kw>
<kw name="Sleep" library="BuiltIn">
<doc>Pauses the test executed for the given time.</doc>
<arguments>
<arg>5s</arg>
</arguments>
<msg timestamp="20200526 16:21:51.843" level="INFO">Slept 5 seconds</msg>
<status status="PASS" starttime="20200526 16:21:46.842" endtime="20200526 16:21:51.843"></status>
</kw>
<kw name="Select Frame" library="Selenium2Library">
<doc>Sets frame identified by ``locator`` as the current frame.</doc>
<arguments>
<arg>//*[@id="mapaRestaurants"]</arg>
</arguments>
<msg timestamp="20200526 16:21:51.845" level="INFO">Selecting frame '//*[@id="mapaRestaurants"]'.</msg>
<status status="PASS" starttime="20200526 16:21:51.844" endtime="20200526 16:21:51.893"></status>
</kw>
<kw name="Run Process" library="Process">
<doc>Runs a process and waits for it to complete.</doc>
<arguments>
<arg>python</arg>
<arg>/home/admin/pa_amb_olis/api/tests/restaurants/click.py</arg>
</arguments>
<assign>
<var>${result}</var>
</assign>
<msg timestamp="20200526 16:21:51.894" level="INFO">Starting process:
python /home/admin/pa_amb_olis/api/tests/restaurants/click.py</msg>
<msg timestamp="20200526 16:21:51.903" level="INFO">Waiting for process to complete.</msg>
<msg timestamp="20200526 16:21:52.125" level="INFO">Process completed.</msg>
<msg timestamp="20200526 16:21:52.125" level="INFO">${result} = &lt;result object with rc 1&gt;</msg>
<status status="PASS" starttime="20200526 16:21:51.894" endtime="20200526 16:21:52.125"></status>
</kw>
<kw name="Log" library="BuiltIn">
<doc>Logs the given message with the given level.</doc>
<arguments>
<arg>Num value is ${result}</arg>
<arg>console=yes</arg>
</arguments>
<msg timestamp="20200526 16:21:52.126" level="INFO">Num value is &lt;result object with rc 1&gt;</msg>
<status status="PASS" starttime="20200526 16:21:52.126" endtime="20200526 16:21:52.128"></status>
</kw>
<status status="PASS" starttime="20200526 16:21:46.689" endtime="20200526 16:21:52.133"></status>
</kw>
<kw name="Llavors puc veure el popup d'informació del restaurant">
<msg timestamp="20200526 16:21:52.134" level="FAIL">User keyword 'Llavors puc veure el popup d'informació del restaurant' contains no keywords.</msg>
<status status="FAIL" starttime="20200526 16:21:52.133" endtime="20200526 16:21:52.135"></status>
</kw>
<kw name="Tanca Test" library="common" type="teardown">
<kw name="Sleep" library="BuiltIn">
<doc>Pauses the test executed for the given time.</doc>
<arguments>
<arg>2s</arg>
</arguments>
<msg timestamp="20200526 16:21:54.137" level="INFO">Slept 2 seconds</msg>
<status status="PASS" starttime="20200526 16:21:52.136" endtime="20200526 16:21:54.138"></status>
</kw>
<kw name="Close Browser" library="Selenium2Library">
<doc>Closes the current browser.</doc>
<status status="PASS" starttime="20200526 16:21:54.138" endtime="20200526 16:21:55.834"></status>
</kw>
<status status="PASS" starttime="20200526 16:21:52.136" endtime="20200526 16:21:55.834"></status>
</kw>
<status status="FAIL" starttime="20200526 16:21:38.642" endtime="20200526 16:21:55.835" critical="yes">User keyword 'Llavors puc veure el popup d'informació del restaurant' contains no keywords.</status>
</test>
<doc>Escenaris</doc>
<status status="FAIL" starttime="20200526 16:21:38.301" endtime="20200526 16:21:55.842"></status>
</suite>
<statistics>
<total>
<stat pass="0" fail="1">Critical Tests</stat>
<stat pass="0" fail="1">All Tests</stat>
</total>
<tag>
</tag>
<suite>
<stat pass="0" fail="1" id="s1" name="005-Restaurants">005-Restaurants</stat>
</suite>
</statistics>
<errors>
</errors>
</robot>
