<?xml version="1.0" encoding="UTF-8"?>
<robot generator="Robot 3.2.1 (Python 3.6.9 on linux)" generated="20200608 22:12:01.961" rpa="false">
<suite id="s1" name="001-Login" source="/home/admin/pa_amb_olis/api/tests/login/001-Login.robot">
<test id="s1-t1" name="Login d'un usuari">
<kw name="Quan entro a la secció de login" library="common">
<kw name="Open Browser" library="Selenium2Library">
<doc>Opens a new browser instance to the optional ``url``.</doc>
<arguments>
<arg>${BROWSER_URL}/accounts/login/</arg>
</arguments>
<msg timestamp="20200608 22:12:02.134" level="INFO">Opening browser 'firefox' to base url 'http://127.0.0.1:8000/accounts/login/'.</msg>
<msg timestamp="20200608 22:12:02.134" level="INFO">Firefox driver log is always forced to to: /home/admin/pa_amb_olis/api/tests/login/geckodriver-10.log</msg>
<status status="PASS" starttime="20200608 22:12:02.133" endtime="20200608 22:12:08.629"></status>
</kw>
<kw name="Maximize Browser Window" library="Selenium2Library">
<doc>Maximizes current browser window.</doc>
<status status="PASS" starttime="20200608 22:12:08.629" endtime="20200608 22:12:08.920"></status>
</kw>
<status status="PASS" starttime="20200608 22:12:02.133" endtime="20200608 22:12:08.921"></status>
</kw>
<kw name="Omplo les dades de forma correcta al login" library="common">
<kw name="Click Element" library="Selenium2Library">
<doc>Click the element identified by ``locator``.</doc>
<arguments>
<arg>//*[@id="username"]</arg>
</arguments>
<msg timestamp="20200608 22:12:08.928" level="INFO">Clicking element '//*[@id="username"]'.</msg>
<status status="PASS" starttime="20200608 22:12:08.927" endtime="20200608 22:12:09.245"></status>
</kw>
<kw name="Input Text" library="Selenium2Library">
<doc>Types the given ``text`` into the text field identified by ``locator``.</doc>
<arguments>
<arg>//*[@id="username"]</arg>
<arg>${PERSONALDATA}[6]</arg>
</arguments>
<msg timestamp="20200608 22:12:09.246" level="INFO">Typing text 'exemple4' into text field '//*[@id="username"]'.</msg>
<status status="PASS" starttime="20200608 22:12:09.246" endtime="20200608 22:12:09.337"></status>
</kw>
<kw name="Click Element" library="Selenium2Library">
<doc>Click the element identified by ``locator``.</doc>
<arguments>
<arg>//*[@id="password"]</arg>
</arguments>
<msg timestamp="20200608 22:12:09.338" level="INFO">Clicking element '//*[@id="password"]'.</msg>
<status status="PASS" starttime="20200608 22:12:09.337" endtime="20200608 22:12:09.570"></status>
</kw>
<kw name="Input Text" library="Selenium2Library">
<doc>Types the given ``text`` into the text field identified by ``locator``.</doc>
<arguments>
<arg>//*[@id="password"]</arg>
<arg>${PERSONALDATA}[3]</arg>
</arguments>
<msg timestamp="20200608 22:12:09.571" level="INFO">Typing text 'exemplecontrasenya' into text field '//*[@id="password"]'.</msg>
<status status="PASS" starttime="20200608 22:12:09.570" endtime="20200608 22:12:09.677"></status>
</kw>
<status status="PASS" starttime="20200608 22:12:08.926" endtime="20200608 22:12:09.679"></status>
</kw>
<kw name="Clico al botó d'iniciar sessió" library="common">
<kw name="Click Element" library="Selenium2Library">
<doc>Click the element identified by ``locator``.</doc>
<arguments>
<arg>//*[@id="bLogin"]</arg>
</arguments>
<msg timestamp="20200608 22:12:09.680" level="INFO">Clicking element '//*[@id="bLogin"]'.</msg>
<status status="PASS" starttime="20200608 22:12:09.680" endtime="20200608 22:12:10.829"></status>
</kw>
<status status="PASS" starttime="20200608 22:12:09.679" endtime="20200608 22:12:10.829"></status>
</kw>
<kw name="I el sistema de login no m'indica que manca informació per completar" library="common">
<kw name="Element Should Not Be Visible" library="Selenium2Library">
<doc>Verifies that the element identified by ``locator`` is NOT visible.</doc>
<arguments>
<arg>//*[@id="errorusername"]</arg>
</arguments>
<msg timestamp="20200608 22:12:10.855" level="INFO">Element '//*[@id="errorusername"]' did not exist.</msg>
<status status="PASS" starttime="20200608 22:12:10.830" endtime="20200608 22:12:10.856"></status>
</kw>
<kw name="Element Should Not Be Visible" library="Selenium2Library">
<doc>Verifies that the element identified by ``locator`` is NOT visible.</doc>
<arguments>
<arg>//*[@id="errorpassword"]</arg>
</arguments>
<msg timestamp="20200608 22:12:10.906" level="INFO">Element '//*[@id="errorpassword"]' did not exist.</msg>
<status status="PASS" starttime="20200608 22:12:10.856" endtime="20200608 22:12:10.906"></status>
</kw>
<status status="PASS" starttime="20200608 22:12:10.830" endtime="20200608 22:12:10.907"></status>
</kw>
<kw name="Llavors a la part superior dreta del menú surt el nom d'usuari" library="common">
<kw name="Wait Until Element Contains" library="Selenium2Library">
<doc>Waits until the element ``locator`` contains ``text``.</doc>
<arguments>
<arg>css:.mr-auto &gt; li:nth-child(1) &gt; a:nth-child(1)</arg>
<arg>${PERSONALDATA}[6]</arg>
</arguments>
<status status="PASS" starttime="20200608 22:12:10.908" endtime="20200608 22:12:11.034"></status>
</kw>
<status status="PASS" starttime="20200608 22:12:10.907" endtime="20200608 22:12:11.034"></status>
</kw>
<kw name="Tanca Test" library="common" type="teardown">
<kw name="Sleep" library="BuiltIn">
<doc>Pauses the test executed for the given time.</doc>
<arguments>
<arg>2s</arg>
</arguments>
<msg timestamp="20200608 22:12:13.044" level="INFO">Slept 2 seconds</msg>
<status status="PASS" starttime="20200608 22:12:11.035" endtime="20200608 22:12:13.045"></status>
</kw>
<kw name="Close Browser" library="Selenium2Library">
<doc>Closes the current browser.</doc>
<status status="PASS" starttime="20200608 22:12:13.045" endtime="20200608 22:12:15.141"></status>
</kw>
<status status="PASS" starttime="20200608 22:12:11.035" endtime="20200608 22:12:15.141"></status>
</kw>
<status status="PASS" starttime="20200608 22:12:02.126" endtime="20200608 22:12:15.142" critical="yes"></status>
</test>
<doc>Escenaris</doc>
<status status="PASS" starttime="20200608 22:12:01.962" endtime="20200608 22:12:15.157"></status>
</suite>
<statistics>
<total>
<stat pass="1" fail="0">Critical Tests</stat>
<stat pass="1" fail="0">All Tests</stat>
</total>
<tag>
</tag>
<suite>
<stat pass="1" fail="0" id="s1" name="001-Login">001-Login</stat>
</suite>
</statistics>
<errors>
</errors>
</robot>
