<?xml version="1.0" encoding="UTF-8"?>
<robot generator="Robot 3.2.1 (Python 3.6.9 on linux)" generated="20200608 19:29:26.825" rpa="false">
<suite id="s1" name="001-Login" source="/home/admin/pa_amb_olis/api/tests/login/001-Login.robot">
<test id="s1-t1" name="Error login d'un usuari">
<kw name="Quan entro a la secció de login" library="common">
<kw name="Open Browser" library="Selenium2Library">
<doc>Opens a new browser instance to the optional ``url``.</doc>
<arguments>
<arg>${BROWSER_URL}/accounts/login/</arg>
</arguments>
<msg timestamp="20200608 19:29:27.282" level="INFO">Opening browser 'firefox' to base url 'http://127.0.0.1:8000/accounts/login/'.</msg>
<msg timestamp="20200608 19:29:27.294" level="INFO">Firefox driver log is always forced to to: /home/admin/pa_amb_olis/api/tests/login/geckodriver-9.log</msg>
<status status="PASS" starttime="20200608 19:29:27.282" endtime="20200608 19:29:39.959"></status>
</kw>
<kw name="Maximize Browser Window" library="Selenium2Library">
<doc>Maximizes current browser window.</doc>
<status status="PASS" starttime="20200608 19:29:39.960" endtime="20200608 19:29:40.855"></status>
</kw>
<status status="PASS" starttime="20200608 19:29:27.277" endtime="20200608 19:29:40.857"></status>
</kw>
<kw name="Em deixo la contrasenya">
<kw name="Click Element" library="Selenium2Library">
<doc>Click the element identified by ``locator``.</doc>
<arguments>
<arg>//*[@id="username"]</arg>
</arguments>
<msg timestamp="20200608 19:29:40.881" level="INFO">Clicking element '//*[@id="username"]'.</msg>
<status status="PASS" starttime="20200608 19:29:40.866" endtime="20200608 19:29:41.238"></status>
</kw>
<kw name="Input Text" library="Selenium2Library">
<doc>Types the given ``text`` into the text field identified by ``locator``.</doc>
<arguments>
<arg>//*[@id="username"]</arg>
<arg>${PERSONALDATA}[6]</arg>
</arguments>
<msg timestamp="20200608 19:29:41.241" level="INFO">Typing text 'exemple4' into text field '//*[@id="username"]'.</msg>
<status status="PASS" starttime="20200608 19:29:41.238" endtime="20200608 19:29:41.322"></status>
</kw>
<status status="PASS" starttime="20200608 19:29:40.864" endtime="20200608 19:29:41.323"></status>
</kw>
<kw name="Clico al botó d'iniciar sessió" library="common">
<kw name="Click Element" library="Selenium2Library">
<doc>Click the element identified by ``locator``.</doc>
<arguments>
<arg>//*[@id="bLogin"]</arg>
</arguments>
<msg timestamp="20200608 19:29:41.338" level="INFO">Clicking element '//*[@id="bLogin"]'.</msg>
<status status="PASS" starttime="20200608 19:29:41.338" endtime="20200608 19:29:42.845"></status>
</kw>
<status status="PASS" starttime="20200608 19:29:41.327" endtime="20200608 19:29:42.845"></status>
</kw>
<kw name="Llavors el sistema de login m'indica que manca informació per completar">
<kw name="Wait Until Element Is Visible" library="Selenium2Library">
<doc>Waits until the element ``locator`` is visible.</doc>
<arguments>
<arg>//*[@id="loginerror"]</arg>
</arguments>
<status status="PASS" starttime="20200608 19:29:42.876" endtime="20200608 19:29:43.312"></status>
</kw>
<status status="PASS" starttime="20200608 19:29:42.874" endtime="20200608 19:29:43.313"></status>
</kw>
<kw name="Tanca Test" library="common" type="teardown">
<kw name="Sleep" library="BuiltIn">
<doc>Pauses the test executed for the given time.</doc>
<arguments>
<arg>2s</arg>
</arguments>
<msg timestamp="20200608 19:29:45.367" level="INFO">Slept 2 seconds</msg>
<status status="PASS" starttime="20200608 19:29:43.365" endtime="20200608 19:29:45.369"></status>
</kw>
<kw name="Close Browser" library="Selenium2Library">
<doc>Closes the current browser.</doc>
<status status="PASS" starttime="20200608 19:29:45.369" endtime="20200608 19:29:55.163"></status>
</kw>
<status status="PASS" starttime="20200608 19:29:43.316" endtime="20200608 19:29:55.163"></status>
</kw>
<status status="PASS" starttime="20200608 19:29:27.273" endtime="20200608 19:29:55.164" critical="yes"></status>
</test>
<doc>Escenaris</doc>
<status status="PASS" starttime="20200608 19:29:26.840" endtime="20200608 19:29:55.178"></status>
</suite>
<statistics>
<total>
<stat pass="1" fail="0">Critical Tests</stat>
<stat pass="1" fail="0">All Tests</stat>
</total>
<tag>
</tag>
<suite>
<stat pass="1" fail="0" id="s1" name="001-Login">001-Login</stat>
</suite>
</statistics>
<errors>
</errors>
</robot>
