<?xml version="1.0" encoding="UTF-8"?>
<robot generator="Robot 3.2.1 (Python 3.6.9 on linux)" generated="20200525 21:36:16.636" rpa="false">
<suite id="s1" name="001-Registre" source="/home/admin/pa_amb_olis/api/tests/registre/001-Registre.robot">
<test id="s1-t1" name="Alta d'un usuari">
<kw name="Quan entro a la secció de registre">
<kw name="Open Browser" library="Selenium2Library">
<doc>Opens a new browser instance to the optional ``url``.</doc>
<arguments>
<arg>${BROWSER_URL}/registre/</arg>
</arguments>
<msg timestamp="20200525 21:36:16.926" level="INFO">Opening browser 'firefox' to base url 'http://127.0.0.1:8000/registre/'.</msg>
<msg timestamp="20200525 21:36:16.929" level="INFO">Firefox driver log is always forced to to: /home/admin/pa_amb_olis/api/tests/registre/001-RegistreBo/geckodriver-1.log</msg>
<status status="PASS" starttime="20200525 21:36:16.925" endtime="20200525 21:36:22.453"></status>
</kw>
<kw name="Maximize Browser Window" library="Selenium2Library">
<doc>Maximizes current browser window.</doc>
<status status="PASS" starttime="20200525 21:36:22.453" endtime="20200525 21:36:22.759"></status>
</kw>
<status status="PASS" starttime="20200525 21:36:16.925" endtime="20200525 21:36:22.759"></status>
</kw>
<kw name="Omplo les dades de forma correcta al registre">
<kw name="Click Element" library="Selenium2Library">
<doc>Click the element identified by ``locator``.</doc>
<arguments>
<arg>//*[@id="nomillinatges"]</arg>
</arguments>
<msg timestamp="20200525 21:36:22.761" level="INFO">Clicking element '//*[@id="nomillinatges"]'.</msg>
<status status="PASS" starttime="20200525 21:36:22.760" endtime="20200525 21:36:23.067"></status>
</kw>
<kw name="Input Text" library="Selenium2Library">
<doc>Types the given ``text`` into the text field identified by ``locator``.</doc>
<arguments>
<arg>//*[@id="nomillinatges"]</arg>
<arg>${PERSONALDATA}[0]</arg>
</arguments>
<msg timestamp="20200525 21:36:23.068" level="INFO">Typing text 'Nom Llinatge Llinatge' into text field '//*[@id="nomillinatges"]'.</msg>
<status status="PASS" starttime="20200525 21:36:23.067" endtime="20200525 21:36:23.189"></status>
</kw>
<kw name="Click Element" library="Selenium2Library">
<doc>Click the element identified by ``locator``.</doc>
<arguments>
<arg>//*[@id="datanaixement"]</arg>
</arguments>
<msg timestamp="20200525 21:36:23.190" level="INFO">Clicking element '//*[@id="datanaixement"]'.</msg>
<status status="PASS" starttime="20200525 21:36:23.190" endtime="20200525 21:36:23.447"></status>
</kw>
<kw name="Input Text" library="Selenium2Library">
<doc>Types the given ``text`` into the text field identified by ``locator``.</doc>
<arguments>
<arg>//*[@id="datanaixement"]</arg>
<arg>${PERSONALDATA}[1]</arg>
</arguments>
<msg timestamp="20200525 21:36:23.448" level="INFO">Typing text '30/11/2000' into text field '//*[@id="datanaixement"]'.</msg>
<status status="PASS" starttime="20200525 21:36:23.447" endtime="20200525 21:36:23.483"></status>
</kw>
<kw name="Click Element" library="Selenium2Library">
<doc>Click the element identified by ``locator``.</doc>
<arguments>
<arg>//*[@id="direccio"]</arg>
</arguments>
<msg timestamp="20200525 21:36:23.483" level="INFO">Clicking element '//*[@id="direccio"]'.</msg>
<status status="PASS" starttime="20200525 21:36:23.483" endtime="20200525 21:36:23.714"></status>
</kw>
<kw name="Input Text" library="Selenium2Library">
<doc>Types the given ``text`` into the text field identified by ``locator``.</doc>
<arguments>
<arg>//*[@id="direccio"]</arg>
<arg>${PERSONALDATA}[2]</arg>
</arguments>
<msg timestamp="20200525 21:36:23.721" level="INFO">Typing text 'S'Esgleieta, 12, Palma' into text field '//*[@id="direccio"]'.</msg>
<status status="PASS" starttime="20200525 21:36:23.715" endtime="20200525 21:36:23.864"></status>
</kw>
<kw name="Click Element" library="Selenium2Library">
<doc>Click the element identified by ``locator``.</doc>
<arguments>
<arg>//*[@id="password"]</arg>
</arguments>
<msg timestamp="20200525 21:36:23.865" level="INFO">Clicking element '//*[@id="password"]'.</msg>
<status status="PASS" starttime="20200525 21:36:23.864" endtime="20200525 21:36:24.108"></status>
</kw>
<kw name="Input Text" library="Selenium2Library">
<doc>Types the given ``text`` into the text field identified by ``locator``.</doc>
<arguments>
<arg>//*[@id="password"]</arg>
<arg>${PERSONALDATA}[3]</arg>
</arguments>
<msg timestamp="20200525 21:36:24.111" level="INFO">Typing text 'exemplecontrasenya' into text field '//*[@id="password"]'.</msg>
<status status="PASS" starttime="20200525 21:36:24.109" endtime="20200525 21:36:24.214"></status>
</kw>
<kw name="Click Element" library="Selenium2Library">
<doc>Click the element identified by ``locator``.</doc>
<arguments>
<arg>//*[@id="rpassword"]</arg>
</arguments>
<msg timestamp="20200525 21:36:24.214" level="INFO">Clicking element '//*[@id="rpassword"]'.</msg>
<status status="PASS" starttime="20200525 21:36:24.214" endtime="20200525 21:36:24.442"></status>
</kw>
<kw name="Input Text" library="Selenium2Library">
<doc>Types the given ``text`` into the text field identified by ``locator``.</doc>
<arguments>
<arg>//*[@id="rpassword"]</arg>
<arg>${PERSONALDATA}[3]</arg>
</arguments>
<msg timestamp="20200525 21:36:24.443" level="INFO">Typing text 'exemplecontrasenya' into text field '//*[@id="rpassword"]'.</msg>
<status status="PASS" starttime="20200525 21:36:24.442" endtime="20200525 21:36:24.493"></status>
</kw>
<kw name="Click Element" library="Selenium2Library">
<doc>Click the element identified by ``locator``.</doc>
<arguments>
<arg>//*[@id="email"]</arg>
</arguments>
<msg timestamp="20200525 21:36:24.493" level="INFO">Clicking element '//*[@id="email"]'.</msg>
<status status="PASS" starttime="20200525 21:36:24.493" endtime="20200525 21:36:24.732"></status>
</kw>
<kw name="Input Text" library="Selenium2Library">
<doc>Types the given ``text`` into the text field identified by ``locator``.</doc>
<arguments>
<arg>//*[@id="email"]</arg>
<arg>${PERSONALDATA}[4]</arg>
</arguments>
<msg timestamp="20200525 21:36:24.734" level="INFO">Typing text 'exemple@exemple.com' into text field '//*[@id="email"]'.</msg>
<status status="PASS" starttime="20200525 21:36:24.733" endtime="20200525 21:36:24.788"></status>
</kw>
<kw name="Click Element" library="Selenium2Library">
<doc>Click the element identified by ``locator``.</doc>
<arguments>
<arg>//*[@id="telefon"]</arg>
</arguments>
<msg timestamp="20200525 21:36:24.788" level="INFO">Clicking element '//*[@id="telefon"]'.</msg>
<status status="PASS" starttime="20200525 21:36:24.788" endtime="20200525 21:36:25.060"></status>
</kw>
<kw name="Input Text" library="Selenium2Library">
<doc>Types the given ``text`` into the text field identified by ``locator``.</doc>
<arguments>
<arg>//*[@id="telefon"]</arg>
<arg>${PERSONALDATA}[5]</arg>
</arguments>
<msg timestamp="20200525 21:36:25.062" level="INFO">Typing text '971234567' into text field '//*[@id="telefon"]'.</msg>
<status status="PASS" starttime="20200525 21:36:25.061" endtime="20200525 21:36:25.142"></status>
</kw>
<status status="PASS" starttime="20200525 21:36:22.760" endtime="20200525 21:36:25.142"></status>
</kw>
<kw name="Clico al botó de Registrar-se">
<kw name="Click Element" library="Selenium2Library">
<doc>Click the element identified by ``locator``.</doc>
<arguments>
<arg>//*[@id="registre"]</arg>
</arguments>
<msg timestamp="20200525 21:36:25.145" level="INFO">Clicking element '//*[@id="registre"]'.</msg>
<status status="PASS" starttime="20200525 21:36:25.145" endtime="20200525 21:36:25.880"></status>
</kw>
<kw name="Press Keys" library="Selenium2Library">
<doc>Simulates the user pressing key(s) to an element or on the active browser.</doc>
<arguments>
<arg>//*[@id="registre"]</arg>
<arg>ENTER</arg>
</arguments>
<msg timestamp="20200525 21:36:25.893" level="INFO">Sending key(s) ('ENTER',) to //*[@id="registre"] element.</msg>
<msg timestamp="20200525 21:36:26.312" level="INFO">Pressing special key ENTER to element.</msg>
<msg timestamp="20200525 21:36:26.312" level="INFO">Releasing special key ENTER.</msg>
<status status="PASS" starttime="20200525 21:36:25.881" endtime="20200525 21:36:26.380"></status>
</kw>
<status status="PASS" starttime="20200525 21:36:25.144" endtime="20200525 21:36:26.380"></status>
</kw>
<kw name="I el sistema no m'indica que manca informació per completar">
<kw name="Element Should Not Be Visible" library="Selenium2Library">
<doc>Verifies that the element identified by ``locator`` is NOT visible.</doc>
<arguments>
<arg>//*[@id="errorusuaricreat"]</arg>
</arguments>
<msg timestamp="20200525 21:36:26.419" level="INFO">Element '//*[@id="errorusuaricreat"]' exists but is not displayed.</msg>
<status status="PASS" starttime="20200525 21:36:26.387" endtime="20200525 21:36:26.419"></status>
</kw>
<status status="PASS" starttime="20200525 21:36:26.386" endtime="20200525 21:36:26.421"></status>
</kw>
<kw name="Llavors s'ha pogut generar un nou usuari">
<kw name="Wait Until Page Contains Element" library="Selenium2Library">
<doc>Waits until the element ``locator`` appears on the current page.</doc>
<arguments>
<arg>//*[@id="usuaricreat"]</arg>
</arguments>
<status status="PASS" starttime="20200525 21:36:26.422" endtime="20200525 21:36:26.429"></status>
</kw>
<status status="PASS" starttime="20200525 21:36:26.421" endtime="20200525 21:36:26.430"></status>
</kw>
<status status="PASS" starttime="20200525 21:36:16.924" endtime="20200525 21:36:26.430" critical="yes"></status>
</test>
<doc>Escenaris</doc>
<status status="PASS" starttime="20200525 21:36:16.637" endtime="20200525 21:36:26.438"></status>
</suite>
<statistics>
<total>
<stat pass="1" fail="0">Critical Tests</stat>
<stat pass="1" fail="0">All Tests</stat>
</total>
<tag>
</tag>
<suite>
<stat pass="1" fail="0" id="s1" name="001-Registre">001-Registre</stat>
</suite>
</statistics>
<errors>
</errors>
</robot>
